#
# A fatal error has been detected by the Java Runtime Environment:
#
#  Internal Error (javaClasses.cpp:136), pid=6968, tid=6776
#  fatal error: Invalid layout of preloaded class
#
# JRE version:  (7.0_40-b43) (build )
# Java VM: Java HotSpot(TM) 64-Bit Server VM (24.0-b56 mixed mode windows-amd64 compressed oops)
# Failed to write core dump. Minidumps are not enabled by default on client versions of Windows
#
# If you would like to submit a bug report, please visit:
#   http://bugreport.sun.com/bugreport/crash.jsp
#

---------------  T H R E A D  ---------------

Current thread (0x000000000033e000):  JavaThread "Unknown thread" [_thread_in_vm, id=6776, stack(0x00000000026a0000,0x00000000027a0000)]

Stack: [0x00000000026a0000,0x00000000027a0000]

---------------  P R O C E S S  ---------------

Java Threads: ( => current thread )

Other Threads:

=>0x000000000033e000 (exited) JavaThread "Unknown thread" [_thread_in_vm, id=6776, stack(0x00000000026a0000,0x00000000027a0000)]

VM state:not at safepoint (not fully initialized)

VM Mutex/Monitor currently owned by a thread: None

GC Heap History (0 events):
No events

Deoptimization events (0 events):
No events

Internal exceptions (0 events):
No events

Events (10 events):
Event: 0.007 loading class 0x0000000002621200 done
Event: 0.007 loading class 0x0000000002620c20 done
Event: 0.007 loading class 0x0000000002620c00
Event: 0.007 loading class 0x0000000002628d00
Event: 0.007 loading class 0x0000000002628d00 done
Event: 0.007 loading class 0x0000000002628d30
Event: 0.007 loading class 0x0000000002628d30 done
Event: 0.007 loading class 0x0000000002628d60
Event: 0.007 loading class 0x0000000002628d60 done
Event: 0.007 loading class 0x0000000002620c00 done


Dynamic libraries:
0x000000013f610000 - 0x000000013f643000 	C:\Program Files\Java\jre7\bin\javaw.exe
0x0000000077790000 - 0x0000000077939000 	C:\Windows\SYSTEM32\ntdll.dll
0x0000000077670000 - 0x000000007778f000 	C:\Windows\system32\kernel32.dll
0x000007fefd790000 - 0x000007fefd7fb000 	C:\Windows\system32\KERNELBASE.dll
0x000007fefee50000 - 0x000007fefef2b000 	C:\Windows\system32\ADVAPI32.dll
0x000007fefedb0000 - 0x000007fefee4f000 	C:\Windows\system32\msvcrt.dll
0x000007fefdb30000 - 0x000007fefdb4f000 	C:\Windows\SYSTEM32\sechost.dll
0x000007fefef30000 - 0x000007feff05d000 	C:\Windows\system32\RPCRT4.dll
0x0000000077570000 - 0x000000007766a000 	C:\Windows\system32\USER32.dll
0x000007feff8d0000 - 0x000007feff937000 	C:\Windows\system32\GDI32.dll
0x000007feffa80000 - 0x000007feffa8e000 	C:\Windows\system32\LPK.dll
0x000007feff500000 - 0x000007feff5c9000 	C:\Windows\system32\USP10.dll
0x000007fefc170000 - 0x000007fefc364000 	C:\Windows\WinSxS\amd64_microsoft.windows.common-controls_6595b64144ccf1df_6.0.7601.17514_none_fa396087175ac9ac\COMCTL32.dll
0x000007fefdab0000 - 0x000007fefdb21000 	C:\Windows\system32\SHLWAPI.dll
0x000007feff940000 - 0x000007feff96e000 	C:\Windows\system32\IMM32.DLL
0x000007feff970000 - 0x000007feffa79000 	C:\Windows\system32\MSCTF.dll
0x000000006ced0000 - 0x000000006cfa1000 	C:\Program Files\Java\jre7\bin\msvcr100.dll
0x0000000057f00000 - 0x00000000586c9000 	C:\Program Files\Java\jre7\bin\server\jvm.dll
0x000007fef8210000 - 0x000007fef8219000 	C:\Windows\system32\WSOCK32.dll
0x000007feff0c0000 - 0x000007feff10d000 	C:\Windows\system32\WS2_32.dll
0x000007feffa90000 - 0x000007feffa98000 	C:\Windows\system32\NSI.dll
0x000007fefb750000 - 0x000007fefb78b000 	C:\Windows\system32\WINMM.dll
0x0000000077960000 - 0x0000000077967000 	C:\Windows\system32\PSAPI.DLL
0x000000006ca00000 - 0x000000006ca0f000 	C:\Program Files\Java\jre7\bin\verify.dll
0x0000000068950000 - 0x0000000068978000 	C:\Program Files\Java\jre7\bin\java.dll
0x0000000068930000 - 0x0000000068945000 	C:\Program Files\Java\jre7\bin\zip.dll

VM Arguments:
jvm_args: -Dfile.encoding=UTF-8 -Xbootclasspath:D:\Program Files\adt-bundle-windows-x86_64-20130917\sdk\platforms\android-18\android.jar 
java_command: com.androiddemo.activity.test
Launcher Type: SUN_STANDARD

Environment Variables:
JAVA_HOME=C:\Program Files\Java\jdk1.7.0_40
CLASSPATH=.;C:\Program Files\Java\jdk1.7.0_40\lib;C:\Program Files\Java\jdk1.7.0_40\lib\tools.jar
PATH=D:\rtgsv7\oracle\app\oracle\product\11.2.0\server\bin;;C:\Program Files (x86)\Intel\iCLS Client\;C:\Program Files\Intel\iCLS Client\;C:\Program Files (x86)\AMD APP\bin\x86_64;C:\Program Files (x86)\AMD APP\bin\x86;C:\Windows\system32;C:\Windows;C:\Windows\System32\Wbem;C:\Windows\System32\WindowsPowerShell\v1.0\;C:\Program Files\Intel\Intel(R) Management Engine Components\DAL;C:\Program Files\Intel\Intel(R) Management Engine Components\IPT;C:\Program Files (x86)\Intel\Intel(R) Management Engine Components\DAL;C:\Program Files (x86)\Intel\Intel(R) Management Engine Components\IPT;C:\Program Files (x86)\Intel\OpenCL SDK\2.0\bin\x86;C:\Program Files (x86)\Intel\OpenCL SDK\2.0\bin\x64;D:\Program Files\TortoiseSVN\bin;C:\Program Files\Java\jdk1.7.0_40\bin;C:\Program Files\Java\jdk1.7.0_40\jre\bin;D:\Program Files\adt-bundle-windows-x86_64-20130917\sdk\tools;D:\Program Files\adt-bundle-windows-x86_64-20130917\sdk\platform-tools;D:\Program Files\MySQL\MySQL Server 5.5\bin;D:\Program Files\TortoiseGit\bin;C:\Program Files (x86)\Microsoft SQL Server\100\Tools\Binn\;C:\Program Files\Microsoft SQL Server\100\Tools\Binn\;C:\Program Files\Microsoft SQL Server\100\DTS\Binn\;C:\Program Files\Microsoft\Web Platform Installer\;C:\Program Files (x86)\Microsoft ASP.NET\ASP.NET Web Pages\v1.0\;D:\Program Files (x86)\play-1.2.5.3\play-1.2.5.3;C:\Program Files (x86)\Microsoft SQL Server\100\Tools\Binn\VSShell\Common7\IDE\;C:\Program Files (x86)\Microsoft SQL Server\100\DTS\Binn\
USERNAME=gaofeng2
OS=Windows_NT
PROCESSOR_IDENTIFIER=Intel64 Family 6 Model 58 Stepping 9, GenuineIntel



---------------  S Y S T E M  ---------------

OS: Windows 7 , 64 bit Build 7601 Service Pack 1

CPU:total 4 (4 cores per cpu, 1 threads per core) family 6 model 58 stepping 9, cmov, cx8, fxsr, mmx, sse, sse2, sse3, ssse3, sse4.1, sse4.2, popcnt, avx, aes, erms, tsc, tscinvbit, tscinv

Memory: 4k page, physical 4078128k(919252k free), swap 8154392k(2683760k free)

vm_info: Java HotSpot(TM) 64-Bit Server VM (24.0-b56) for windows-amd64 JRE (1.7.0_40-b43), built on Aug 26 2013 22:38:32 by "java_re" with unknown MS VC++:1600

time: Tue Feb 25 17:01:58 2014
elapsed time: 0 seconds

